[04:29:30] ========================================
[04:29:30] [launch_mcp] Starting...
[Bridge] Thread started, running event loop
[Bridge] WebSocket server on ws://127.0.0.1:9009
[Bridge] Chrome extension connected
[04:29:31] [launch_mcp] WS loop: <_WindowsSelectorEventLoop running=True closed=False debug=False>
[04:29:31] [launch_mcp] WS extension: <websockets.asyncio.server.ServerConnection object at 0x0000023E23056BA0>
[04:29:31] [launch_mcp] Port 9009 open: True
[04:29:33] ========================================
[04:29:33] [launch_mcp] Starting...
[Bridge] Killed PID 23312 holding port 9009
[Bridge] Thread started, running event loop
[Bridge] WebSocket server on ws://127.0.0.1:9009
[04:29:34] [launch_mcp] WS loop: <_WindowsSelectorEventLoop running=True closed=False debug=False>
[04:29:34] [launch_mcp] WS extension: None
[04:29:34] [launch_mcp] Port 9009 open: True
[04:30:13] ========================================
[04:30:13] [launch_mcp] Starting...
[Bridge] Thread started, running event loop
[Bridge] WebSocket server on ws://127.0.0.1:9009
[04:30:14] [launch_mcp] WS loop: <_WindowsSelectorEventLoop running=True closed=False debug=False>
[04:30:14] [launch_mcp] WS extension: None
[04:30:14] [launch_mcp] Port 9009 open: True
[04:30:32] ========================================
[04:30:32] [launch_mcp] Starting...
[Bridge] Thread started, running event loop
[Bridge] WebSocket server on ws://127.0.0.1:9009
[04:30:32] [launch_mcp] WS loop: <_WindowsSelectorEventLoop running=True closed=False debug=False>
[04:30:32] [launch_mcp] WS extension: None
[04:30:32] [launch_mcp] Port 9009 open: True
[Bridge] Chrome extension connected
[04:30:34] ========================================
[04:30:34] [launch_mcp] Starting...
[Bridge] Killed PID 23992 holding port 9009
[Bridge] Thread started, running event loop
[Bridge] WebSocket server on ws://127.0.0.1:9009
[04:30:35] [launch_mcp] WS loop: <_WindowsSelectorEventLoop running=True closed=False debug=False>
[04:30:35] [launch_mcp] WS extension: None
[04:30:35] [launch_mcp] Port 9009 open: True
[04:32:21] ========================================
[04:32:21] [launch_mcp] Starting...
[Bridge] Thread started, running event loop
[Bridge] WebSocket server on ws://127.0.0.1:9009
[04:32:21] [launch_mcp] WS loop: <_WindowsSelectorEventLoop running=True closed=False debug=False>
[04:32:21] [launch_mcp] WS extension: None
[04:32:21] [launch_mcp] Port 9009 open: True
[Bridge] Chrome extension connected
[04:32:23] ========================================
[04:32:23] [launch_mcp] Starting...
[Bridge] Killed PID 29516 holding port 9009
[Bridge] Thread started, running event loop
[Bridge] WebSocket server on ws://127.0.0.1:9009
[04:32:24] [launch_mcp] WS loop: <_WindowsSelectorEventLoop running=True closed=False debug=False>
[04:32:24] [launch_mcp] WS extension: None
[04:32:24] [launch_mcp] Port 9009 open: True
[04:32:30] ========================================
[04:32:30] [launch_mcp] Starting...
[Bridge] Thread started, running event loop
[Bridge] WebSocket server on ws://127.0.0.1:9009
[Bridge] Chrome extension connected
[04:32:31] [launch_mcp] WS loop: <_WindowsSelectorEventLoop running=True closed=False debug=False>
[04:32:31] [launch_mcp] WS extension: <websockets.asyncio.server.ServerConnection object at 0x000001F24CF36BA0>
[04:32:31] [launch_mcp] Port 9009 open: True
[04:32:48] ========================================
[04:32:48] [launch_mcp] Starting...
[Bridge] Thread started, running event loop
[Bridge] WebSocket server on ws://127.0.0.1:9009
[04:32:48] [launch_mcp] WS loop: <_WindowsSelectorEventLoop running=True closed=False debug=False>
[04:32:48] [launch_mcp] WS extension: None
[04:32:48] [launch_mcp] Port 9009 open: True
[04:32:52] ========================================
[04:32:52] [launch_mcp] Starting...
[Bridge] Thread started, running event loop
[Bridge] WebSocket server on ws://127.0.0.1:9009
[04:32:52] [launch_mcp] WS loop: <_WindowsSelectorEventLoop running=True closed=False debug=False>
[04:32:52] [launch_mcp] WS extension: None
[04:32:52] [launch_mcp] Port 9009 open: True
[04:33:54] ========================================
[04:33:54] [launch_mcp] Starting...
[Bridge] Thread started, running event loop
[Bridge] WebSocket server on ws://127.0.0.1:9009
[Bridge] Chrome extension connected
[04:33:55] [launch_mcp] WS loop: <_WindowsSelectorEventLoop running=True closed=False debug=False>
[04:33:55] [launch_mcp] WS extension: <websockets.asyncio.server.ServerConnection object at 0x0000014F3D1E6BA0>
[04:33:55] [launch_mcp] Port 9009 open: True
[04:33:57] ========================================
[04:33:57] [launch_mcp] Starting...
[Bridge] Killed PID 28736 holding port 9009
[Bridge] Thread started, running event loop
[Bridge] WebSocket server on ws://127.0.0.1:9009
[04:33:58] [launch_mcp] WS loop: <_WindowsSelectorEventLoop running=True closed=False debug=False>
[04:33:58] [launch_mcp] WS extension: None
[04:33:58] [launch_mcp] Port 9009 open: True
[04:35:31] ========================================
[04:35:31] [launch_mcp] Starting...
[Bridge] Thread started, running event loop
[Bridge] WebSocket server on ws://127.0.0.1:9009
[04:35:32] [launch_mcp] WS loop: <_WindowsSelectorEventLoop running=True closed=False debug=False>
[04:35:32] [launch_mcp] WS extension: None
[04:35:32] [launch_mcp] Port 9009 open: True
[Bridge] Chrome extension connected
[04:35:34] ========================================
[04:35:34] [launch_mcp] Starting...
[Bridge] Killed PID 29120 holding port 9009
[Bridge] Thread started, running event loop
[Bridge] WebSocket server on ws://127.0.0.1:9009
[04:35:35] [launch_mcp] WS loop: <_WindowsSelectorEventLoop running=True closed=False debug=False>
[04:35:35] [launch_mcp] WS extension: None
[04:35:35] [launch_mcp] Port 9009 open: True
